nohup: ignoring input
/home/dspradl1/inexact-matching-research-2/inexact-matching-research/allPurposeTwoPhaseMatch/matchingProgram.py:183: RuntimeWarning: More than 20 figures have been opened. Figures created through the pyplot interface (`matplotlib.pyplot.figure`) are retained until explicitly closed and may consume too much memory. (To control this warning, see the rcParam `figure.max_open_warning`). Consider using `matplotlib.pyplot.close()`.
  plt.figure(figsize=(10, 6))
Time to create hashmap  466.8031301498413
Time to peform matching 4.673214673995972
Done
Time to create hashmap  482.1439166069031
Time to peform matching 6.02421760559082
Done
Time to create hashmap  477.148864030838
Time to peform matching 8.229086875915527
Done
Time to create hashmap  447.81062173843384
Time to peform matching 10.213932037353516
Done
Time to create hashmap  466.3305416107178
Time to peform matching 12.65615963935852
Done
Time to create hashmap  485.9271683692932
Time to peform matching 23.502344369888306
Done
Time to create hashmap  410.2430226802826
Time to peform matching 14.622753620147705
Done
Time to create hashmap  414.8982391357422
Time to peform matching 20.91384983062744
Done
Time to create hashmap  403.08167004585266
Time to peform matching 32.52280330657959
Done
Time to create hashmap  416.3848898410797
Time to peform matching 38.489969968795776
Done
Time to create hashmap  412.07710218429565
Time to peform matching 53.16739082336426
Done
Time to create hashmap  414.4702248573303
Time to peform matching 113.6036810874939
Done
Time to create hashmap  348.9587814807892
Time to peform matching 42.70796322822571
Done
Time to create hashmap  343.31603145599365
Time to peform matching 74.70373344421387
Done
Time to create hashmap  345.8341751098633
Time to peform matching 125.1399621963501
Done
Time to create hashmap  359.8064298629761
Time to peform matching 150.8092017173767
Done
Time to create hashmap  343.4298770427704
Time to peform matching 223.88808798789978
Done
Time to create hashmap  345.2071096897125
Time to peform matching 477.967081785202
Done
Time to create hashmap  279.76830434799194
Time to peform matching 97.39822483062744
Done
Time to create hashmap  284.5179886817932
Time to peform matching 214.42131114006042
Done
Time to create hashmap  282.2176148891449
Time to peform matching 430.87484908103943
Done
Time to create hashmap  282.43643260002136
Time to peform matching 606.7155091762543
Done
Time to create hashmap  276.2544469833374
Time to peform matching 930.1807205677032
Done
Time to create hashmap  278.6364743709564
Time to peform matching 2307.3093786239624
Done
Time to create hashmap  195.06829047203064
Time to peform matching 19.93588161468506
Done
Time to create hashmap  204.55194067955017
Time to peform matching 190.80909538269043
Done
Time to create hashmap  203.1095268726349
Time to peform matching 1258.821053981781
Done
Time to create hashmap  203.03739976882935
Time to peform matching 2303.491631269455
Done
Time to create hashmap  202.19039106369019
Time to peform matching 4966.4762716293335
Done
Time to create hashmap  204.67035365104675
Time to peform matching 15641.719712495804
Done
